{"C:\\Users\\Nishanth\\Desktop\\AcademyOfStartups\\server\\server.js": {"path":"C:\\Users\\Nishanth\\Desktop\\AcademyOfStartups\\server\\server.js","statementMap":{"0":{"start":{"line":2,"column":0},"end":{"line":2,"column":16}},"1":{"start":{"line":15,"column":12},"end":{"line":15,"column":21}},"2":{"start":{"line":16,"column":15},"end":{"line":16,"column":33}},"3":{"start":{"line":18,"column":0},"end":{"line":25,"column":4}},"4":{"start":{"line":26,"column":0},"end":{"line":26,"column":24}},"5":{"start":{"line":29,"column":0},"end":{"line":29,"column":51}},"6":{"start":{"line":30,"column":0},"end":{"line":30,"column":27}},"7":{"start":{"line":32,"column":13},"end":{"line":32,"column":37}},"8":{"start":{"line":34,"column":0},"end":{"line":34,"column":29}},"9":{"start":{"line":35,"column":0},"end":{"line":35,"column":23}},"10":{"start":{"line":36,"column":0},"end":{"line":36,"column":33}},"11":{"start":{"line":37,"column":0},"end":{"line":37,"column":21}},"12":{"start":{"line":38,"column":0},"end":{"line":38,"column":31}},"13":{"start":{"line":42,"column":0},"end":{"line":44,"column":2}},"14":{"start":{"line":43,"column":2},"end":{"line":43,"column":27}},"15":{"start":{"line":48,"column":0},"end":{"line":51,"column":3}},"16":{"start":{"line":49,"column":2},"end":{"line":49,"column":59}}},"fnMap":{"0":{"name":"(anonymous_0)","decl":{"start":{"line":42,"column":13},"end":{"line":42,"column":14}},"loc":{"start":{"line":42,"column":27},"end":{"line":44,"column":1}},"line":42},"1":{"name":"(anonymous_1)","decl":{"start":{"line":48,"column":17},"end":{"line":48,"column":18}},"loc":{"start":{"line":48,"column":23},"end":{"line":51,"column":1}},"line":48}},"branchMap":{"0":{"loc":{"start":{"line":32,"column":13},"end":{"line":32,"column":37}},"type":"binary-expr","locations":[{"start":{"line":32,"column":13},"end":{"line":32,"column":29}},{"start":{"line":32,"column":33},"end":{"line":32,"column":37}}],"line":32}},"s":{"0":1,"1":1,"2":1,"3":1,"4":1,"5":1,"6":1,"7":1,"8":1,"9":1,"10":1,"11":1,"12":1,"13":1,"14":0,"15":1,"16":1},"f":{"0":0,"1":1},"b":{"0":[1,0]},"_coverageSchema":"1a1c01bbd47fc00a2c39e90264f33305004495a9","hash":"7db69b4f4e55ba01a4264e41c1797ab835050776"}
,"C:\\Users\\Nishanth\\Desktop\\AcademyOfStartups\\server\\controller\\admin.js": {"path":"C:\\Users\\Nishanth\\Desktop\\AcademyOfStartups\\server\\controller\\admin.js","statementMap":{"0":{"start":{"line":8,"column":15},"end":{"line":8,"column":33}},"1":{"start":{"line":10,"column":19},"end":{"line":10,"column":21}},"2":{"start":{"line":12,"column":14},"end":{"line":386,"column":1}},"3":{"start":{"line":16,"column":4},"end":{"line":23,"column":5}},"4":{"start":{"line":17,"column":20},"end":{"line":17,"column":48}},"5":{"start":{"line":18,"column":6},"end":{"line":18,"column":34}},"6":{"start":{"line":20,"column":6},"end":{"line":22,"column":75}},"7":{"start":{"line":27,"column":38},"end":{"line":27,"column":46}},"8":{"start":{"line":29,"column":4},"end":{"line":62,"column":5}},"9":{"start":{"line":30,"column":6},"end":{"line":30,"column":63}},"10":{"start":{"line":32,"column":29},"end":{"line":32,"column":68}},"11":{"start":{"line":33,"column":27},"end":{"line":37,"column":8}},"12":{"start":{"line":38,"column":6},"end":{"line":42,"column":7}},"13":{"start":{"line":39,"column":8},"end":{"line":41,"column":73}},"14":{"start":{"line":44,"column":22},"end":{"line":50,"column":8}},"15":{"start":{"line":51,"column":6},"end":{"line":51,"column":36}},"16":{"start":{"line":53,"column":6},"end":{"line":61,"column":7}},"17":{"start":{"line":55,"column":33},"end":{"line":55,"column":45}},"18":{"start":{"line":56,"column":8},"end":{"line":56,"column":58}},"19":{"start":{"line":58,"column":8},"end":{"line":60,"column":68}},"20":{"start":{"line":65,"column":19},"end":{"line":65,"column":29}},"21":{"start":{"line":67,"column":4},"end":{"line":85,"column":5}},"22":{"start":{"line":68,"column":27},"end":{"line":70,"column":8}},"23":{"start":{"line":72,"column":6},"end":{"line":73,"column":67}},"24":{"start":{"line":73,"column":8},"end":{"line":73,"column":67}},"25":{"start":{"line":75,"column":26},"end":{"line":77,"column":8}},"26":{"start":{"line":78,"column":6},"end":{"line":80,"column":69}},"27":{"start":{"line":82,"column":6},"end":{"line":84,"column":75}},"28":{"start":{"line":91,"column":4},"end":{"line":98,"column":5}},"29":{"start":{"line":92,"column":25},"end":{"line":92,"column":57}},"30":{"start":{"line":93,"column":6},"end":{"line":93,"column":39}},"31":{"start":{"line":95,"column":6},"end":{"line":97,"column":76}},"32":{"start":{"line":101,"column":25},"end":{"line":101,"column":33}},"33":{"start":{"line":102,"column":21},"end":{"line":102,"column":53}},"34":{"start":{"line":104,"column":4},"end":{"line":137,"column":5}},"35":{"start":{"line":105,"column":6},"end":{"line":125,"column":9}},"36":{"start":{"line":106,"column":8},"end":{"line":124,"column":9}},"37":{"start":{"line":107,"column":10},"end":{"line":109,"column":76}},"38":{"start":{"line":110,"column":15},"end":{"line":124,"column":9}},"39":{"start":{"line":111,"column":10},"end":{"line":113,"column":76}},"40":{"start":{"line":114,"column":15},"end":{"line":124,"column":9}},"41":{"start":{"line":115,"column":10},"end":{"line":117,"column":76}},"42":{"start":{"line":118,"column":15},"end":{"line":124,"column":9}},"43":{"start":{"line":119,"column":10},"end":{"line":123,"column":15}},"44":{"start":{"line":126,"column":25},"end":{"line":128,"column":8}},"45":{"start":{"line":129,"column":6},"end":{"line":129,"column":27}},"46":{"start":{"line":131,"column":6},"end":{"line":136,"column":11}},"47":{"start":{"line":141,"column":19},"end":{"line":141,"column":29}},"48":{"start":{"line":143,"column":4},"end":{"line":168,"column":5}},"49":{"start":{"line":144,"column":30},"end":{"line":148,"column":8}},"50":{"start":{"line":150,"column":6},"end":{"line":152,"column":7}},"51":{"start":{"line":151,"column":8},"end":{"line":151,"column":70}},"52":{"start":{"line":154,"column":29},"end":{"line":159,"column":8}},"53":{"start":{"line":161,"column":6},"end":{"line":163,"column":71}},"54":{"start":{"line":165,"column":6},"end":{"line":167,"column":78}},"55":{"start":{"line":172,"column":19},"end":{"line":172,"column":29}},"56":{"start":{"line":174,"column":4},"end":{"line":198,"column":5}},"57":{"start":{"line":175,"column":30},"end":{"line":179,"column":8}},"58":{"start":{"line":181,"column":6},"end":{"line":182,"column":70}},"59":{"start":{"line":182,"column":8},"end":{"line":182,"column":70}},"60":{"start":{"line":184,"column":29},"end":{"line":189,"column":8}},"61":{"start":{"line":191,"column":6},"end":{"line":193,"column":71}},"62":{"start":{"line":195,"column":6},"end":{"line":197,"column":78}},"63":{"start":{"line":204,"column":4},"end":{"line":213,"column":5}},"64":{"start":{"line":205,"column":24},"end":{"line":209,"column":8}},"65":{"start":{"line":210,"column":6},"end":{"line":210,"column":68}},"66":{"start":{"line":212,"column":6},"end":{"line":212,"column":72}},"67":{"start":{"line":229,"column":8},"end":{"line":229,"column":16}},"68":{"start":{"line":231,"column":4},"end":{"line":300,"column":5}},"69":{"start":{"line":232,"column":6},"end":{"line":244,"column":9}},"70":{"start":{"line":246,"column":31},"end":{"line":250,"column":8}},"71":{"start":{"line":252,"column":6},"end":{"line":254,"column":7}},"72":{"start":{"line":253,"column":8},"end":{"line":253,"column":74}},"73":{"start":{"line":256,"column":29},"end":{"line":256,"column":68}},"74":{"start":{"line":258,"column":26},"end":{"line":265,"column":8}},"75":{"start":{"line":266,"column":30},"end":{"line":281,"column":8}},"76":{"start":{"line":283,"column":6},"end":{"line":289,"column":11}},"77":{"start":{"line":291,"column":6},"end":{"line":299,"column":7}},"78":{"start":{"line":293,"column":33},"end":{"line":293,"column":45}},"79":{"start":{"line":294,"column":8},"end":{"line":294,"column":58}},"80":{"start":{"line":296,"column":8},"end":{"line":298,"column":68}},"81":{"start":{"line":303,"column":19},"end":{"line":303,"column":29}},"82":{"start":{"line":312,"column":8},"end":{"line":312,"column":16}},"83":{"start":{"line":314,"column":4},"end":{"line":347,"column":5}},"84":{"start":{"line":315,"column":31},"end":{"line":319,"column":8}},"85":{"start":{"line":321,"column":6},"end":{"line":323,"column":7}},"86":{"start":{"line":322,"column":8},"end":{"line":322,"column":71}},"87":{"start":{"line":325,"column":30},"end":{"line":338,"column":8}},"88":{"start":{"line":340,"column":6},"end":{"line":342,"column":78}},"89":{"start":{"line":344,"column":6},"end":{"line":346,"column":79}},"90":{"start":{"line":350,"column":19},"end":{"line":350,"column":29}},"91":{"start":{"line":352,"column":4},"end":{"line":384,"column":5}},"92":{"start":{"line":353,"column":31},"end":{"line":357,"column":8}},"93":{"start":{"line":359,"column":6},"end":{"line":360,"column":71}},"94":{"start":{"line":360,"column":8},"end":{"line":360,"column":71}},"95":{"start":{"line":362,"column":34},"end":{"line":366,"column":8}},"96":{"start":{"line":367,"column":30},"end":{"line":371,"column":8}},"97":{"start":{"line":373,"column":6},"end":{"line":379,"column":11}},"98":{"start":{"line":381,"column":6},"end":{"line":383,"column":79}}},"fnMap":{"0":{"name":"(anonymous_0)","decl":{"start":{"line":15,"column":12},"end":{"line":15,"column":13}},"loc":{"start":{"line":15,"column":32},"end":{"line":24,"column":3}},"line":15},"1":{"name":"(anonymous_1)","decl":{"start":{"line":26,"column":11},"end":{"line":26,"column":12}},"loc":{"start":{"line":26,"column":31},"end":{"line":63,"column":3}},"line":26},"2":{"name":"(anonymous_2)","decl":{"start":{"line":64,"column":14},"end":{"line":64,"column":15}},"loc":{"start":{"line":64,"column":34},"end":{"line":86,"column":3}},"line":64},"3":{"name":"(anonymous_3)","decl":{"start":{"line":90,"column":15},"end":{"line":90,"column":16}},"loc":{"start":{"line":90,"column":35},"end":{"line":99,"column":3}},"line":90},"4":{"name":"(anonymous_4)","decl":{"start":{"line":100,"column":15},"end":{"line":100,"column":16}},"loc":{"start":{"line":100,"column":35},"end":{"line":138,"column":3}},"line":100},"5":{"name":"(anonymous_5)","decl":{"start":{"line":105,"column":19},"end":{"line":105,"column":20}},"loc":{"start":{"line":105,"column":32},"end":{"line":125,"column":7}},"line":105},"6":{"name":"(anonymous_6)","decl":{"start":{"line":140,"column":18},"end":{"line":140,"column":19}},"loc":{"start":{"line":140,"column":38},"end":{"line":169,"column":3}},"line":140},"7":{"name":"(anonymous_7)","decl":{"start":{"line":171,"column":18},"end":{"line":171,"column":19}},"loc":{"start":{"line":171,"column":38},"end":{"line":199,"column":3}},"line":171},"8":{"name":"(anonymous_8)","decl":{"start":{"line":203,"column":16},"end":{"line":203,"column":17}},"loc":{"start":{"line":203,"column":36},"end":{"line":214,"column":3}},"line":203},"9":{"name":"(anonymous_9)","decl":{"start":{"line":216,"column":15},"end":{"line":216,"column":16}},"loc":{"start":{"line":216,"column":35},"end":{"line":301,"column":3}},"line":216},"10":{"name":"(anonymous_10)","decl":{"start":{"line":302,"column":18},"end":{"line":302,"column":19}},"loc":{"start":{"line":302,"column":38},"end":{"line":348,"column":3}},"line":302},"11":{"name":"(anonymous_11)","decl":{"start":{"line":349,"column":18},"end":{"line":349,"column":19}},"loc":{"start":{"line":349,"column":38},"end":{"line":385,"column":3}},"line":349}},"branchMap":{"0":{"loc":{"start":{"line":38,"column":6},"end":{"line":42,"column":7}},"type":"if","locations":[{"start":{"line":38,"column":6},"end":{"line":42,"column":7}},{"start":{},"end":{}}],"line":38},"1":{"loc":{"start":{"line":53,"column":6},"end":{"line":61,"column":7}},"type":"if","locations":[{"start":{"line":53,"column":6},"end":{"line":61,"column":7}},{"start":{"line":57,"column":13},"end":{"line":61,"column":7}}],"line":53},"2":{"loc":{"start":{"line":72,"column":6},"end":{"line":73,"column":67}},"type":"if","locations":[{"start":{"line":72,"column":6},"end":{"line":73,"column":67}},{"start":{},"end":{}}],"line":72},"3":{"loc":{"start":{"line":106,"column":8},"end":{"line":124,"column":9}},"type":"if","locations":[{"start":{"line":106,"column":8},"end":{"line":124,"column":9}},{"start":{"line":110,"column":15},"end":{"line":124,"column":9}}],"line":106},"4":{"loc":{"start":{"line":110,"column":15},"end":{"line":124,"column":9}},"type":"if","locations":[{"start":{"line":110,"column":15},"end":{"line":124,"column":9}},{"start":{"line":114,"column":15},"end":{"line":124,"column":9}}],"line":110},"5":{"loc":{"start":{"line":114,"column":15},"end":{"line":124,"column":9}},"type":"if","locations":[{"start":{"line":114,"column":15},"end":{"line":124,"column":9}},{"start":{"line":118,"column":15},"end":{"line":124,"column":9}}],"line":114},"6":{"loc":{"start":{"line":118,"column":15},"end":{"line":124,"column":9}},"type":"if","locations":[{"start":{"line":118,"column":15},"end":{"line":124,"column":9}},{"start":{},"end":{}}],"line":118},"7":{"loc":{"start":{"line":150,"column":6},"end":{"line":152,"column":7}},"type":"if","locations":[{"start":{"line":150,"column":6},"end":{"line":152,"column":7}},{"start":{},"end":{}}],"line":150},"8":{"loc":{"start":{"line":181,"column":6},"end":{"line":182,"column":70}},"type":"if","locations":[{"start":{"line":181,"column":6},"end":{"line":182,"column":70}},{"start":{},"end":{}}],"line":181},"9":{"loc":{"start":{"line":252,"column":6},"end":{"line":254,"column":7}},"type":"if","locations":[{"start":{"line":252,"column":6},"end":{"line":254,"column":7}},{"start":{},"end":{}}],"line":252},"10":{"loc":{"start":{"line":291,"column":6},"end":{"line":299,"column":7}},"type":"if","locations":[{"start":{"line":291,"column":6},"end":{"line":299,"column":7}},{"start":{"line":295,"column":13},"end":{"line":299,"column":7}}],"line":291},"11":{"loc":{"start":{"line":321,"column":6},"end":{"line":323,"column":7}},"type":"if","locations":[{"start":{"line":321,"column":6},"end":{"line":323,"column":7}},{"start":{},"end":{}}],"line":321},"12":{"loc":{"start":{"line":359,"column":6},"end":{"line":360,"column":71}},"type":"if","locations":[{"start":{"line":359,"column":6},"end":{"line":360,"column":71}},{"start":{},"end":{}}],"line":359}},"s":{"0":1,"1":1,"2":1,"3":1,"4":1,"5":1,"6":0,"7":3,"8":3,"9":3,"10":1,"11":1,"12":1,"13":1,"14":0,"15":0,"16":2,"17":2,"18":2,"19":0,"20":2,"21":2,"22":2,"23":2,"24":1,"25":1,"26":1,"27":0,"28":0,"29":0,"30":0,"31":0,"32":0,"33":0,"34":0,"35":0,"36":0,"37":0,"38":0,"39":0,"40":0,"41":0,"42":0,"43":0,"44":0,"45":0,"46":0,"47":0,"48":0,"49":0,"50":0,"51":0,"52":0,"53":0,"54":0,"55":0,"56":0,"57":0,"58":0,"59":0,"60":0,"61":0,"62":0,"63":1,"64":1,"65":1,"66":0,"67":0,"68":0,"69":0,"70":0,"71":0,"72":0,"73":0,"74":0,"75":0,"76":0,"77":0,"78":0,"79":0,"80":0,"81":0,"82":0,"83":0,"84":0,"85":0,"86":0,"87":0,"88":0,"89":0,"90":0,"91":0,"92":0,"93":0,"94":0,"95":0,"96":0,"97":0,"98":0},"f":{"0":1,"1":3,"2":2,"3":0,"4":0,"5":0,"6":0,"7":0,"8":1,"9":0,"10":0,"11":0},"b":{"0":[1,0],"1":[2,0],"2":[1,1],"3":[0,0],"4":[0,0],"5":[0,0],"6":[0,0],"7":[0,0],"8":[0,0],"9":[0,0],"10":[0,0],"11":[0,0],"12":[0,0]},"_coverageSchema":"1a1c01bbd47fc00a2c39e90264f33305004495a9","hash":"833fd76602006b1b207c1b8c326d0de17f29dd5a"}
,"C:\\Users\\Nishanth\\Desktop\\AcademyOfStartups\\server\\controller\\auth.js": {"path":"C:\\Users\\Nishanth\\Desktop\\AcademyOfStartups\\server\\controller\\auth.js","statementMap":{"0":{"start":{"line":2,"column":0},"end":{"line":2,"column":16}},"1":{"start":{"line":11,"column":15},"end":{"line":11,"column":33}},"2":{"start":{"line":13,"column":19},"end":{"line":13,"column":21}},"3":{"start":{"line":17,"column":2},"end":{"line":19,"column":5}},"4":{"start":{"line":22,"column":13},"end":{"line":152,"column":1}},"5":{"start":{"line":25,"column":38},"end":{"line":25,"column":46}},"6":{"start":{"line":26,"column":4},"end":{"line":57,"column":5}},"7":{"start":{"line":27,"column":6},"end":{"line":27,"column":63}},"8":{"start":{"line":29,"column":29},"end":{"line":29,"column":68}},"9":{"start":{"line":30,"column":27},"end":{"line":34,"column":8}},"10":{"start":{"line":35,"column":6},"end":{"line":37,"column":7}},"11":{"start":{"line":36,"column":8},"end":{"line":36,"column":93}},"12":{"start":{"line":39,"column":22},"end":{"line":45,"column":8}},"13":{"start":{"line":46,"column":6},"end":{"line":46,"column":36}},"14":{"start":{"line":50,"column":6},"end":{"line":56,"column":7}},"15":{"start":{"line":52,"column":33},"end":{"line":52,"column":45}},"16":{"start":{"line":53,"column":8},"end":{"line":53,"column":58}},"17":{"start":{"line":55,"column":8},"end":{"line":55,"column":81}},"18":{"start":{"line":61,"column":32},"end":{"line":61,"column":40}},"19":{"start":{"line":62,"column":18},"end":{"line":62,"column":37}},"20":{"start":{"line":64,"column":4},"end":{"line":105,"column":5}},"21":{"start":{"line":65,"column":19},"end":{"line":69,"column":8}},"22":{"start":{"line":71,"column":6},"end":{"line":73,"column":7}},"23":{"start":{"line":72,"column":8},"end":{"line":72,"column":65}},"24":{"start":{"line":75,"column":6},"end":{"line":102,"column":9}},"25":{"start":{"line":76,"column":8},"end":{"line":101,"column":9}},"26":{"start":{"line":77,"column":30},"end":{"line":77,"column":58}},"27":{"start":{"line":78,"column":27},"end":{"line":82,"column":12}},"28":{"start":{"line":84,"column":10},"end":{"line":89,"column":12}},"29":{"start":{"line":91,"column":10},"end":{"line":98,"column":15}},"30":{"start":{"line":100,"column":10},"end":{"line":100,"column":78}},"31":{"start":{"line":104,"column":6},"end":{"line":104,"column":79}},"32":{"start":{"line":108,"column":41},"end":{"line":108,"column":49}},"33":{"start":{"line":109,"column":19},"end":{"line":109,"column":29}},"34":{"start":{"line":111,"column":4},"end":{"line":147,"column":5}},"35":{"start":{"line":113,"column":19},"end":{"line":120,"column":8}},"36":{"start":{"line":122,"column":6},"end":{"line":124,"column":7}},"37":{"start":{"line":123,"column":8},"end":{"line":123,"column":65}},"38":{"start":{"line":126,"column":6},"end":{"line":144,"column":8}},"39":{"start":{"line":127,"column":8},"end":{"line":143,"column":9}},"40":{"start":{"line":128,"column":33},"end":{"line":128,"column":75}},"41":{"start":{"line":130,"column":10},"end":{"line":137,"column":12}},"42":{"start":{"line":139,"column":10},"end":{"line":139,"column":84}},"43":{"start":{"line":141,"column":10},"end":{"line":141,"column":73}},"44":{"start":{"line":146,"column":6},"end":{"line":146,"column":86}}},"fnMap":{"0":{"name":"generateAccessToken","decl":{"start":{"line":16,"column":9},"end":{"line":16,"column":28}},"loc":{"start":{"line":16,"column":37},"end":{"line":20,"column":1}},"line":16},"1":{"name":"(anonymous_1)","decl":{"start":{"line":24,"column":22},"end":{"line":24,"column":23}},"loc":{"start":{"line":24,"column":42},"end":{"line":58,"column":3}},"line":24},"2":{"name":"(anonymous_2)","decl":{"start":{"line":60,"column":19},"end":{"line":60,"column":20}},"loc":{"start":{"line":60,"column":39},"end":{"line":106,"column":3}},"line":60},"3":{"name":"(anonymous_3)","decl":{"start":{"line":75,"column":46},"end":{"line":75,"column":47}},"loc":{"start":{"line":75,"column":69},"end":{"line":102,"column":7}},"line":75},"4":{"name":"(anonymous_4)","decl":{"start":{"line":107,"column":28},"end":{"line":107,"column":29}},"loc":{"start":{"line":107,"column":48},"end":{"line":148,"column":3}},"line":107},"5":{"name":"(anonymous_5)","decl":{"start":{"line":126,"column":49},"end":{"line":126,"column":50}},"loc":{"start":{"line":126,"column":72},"end":{"line":144,"column":7}},"line":126}},"branchMap":{"0":{"loc":{"start":{"line":35,"column":6},"end":{"line":37,"column":7}},"type":"if","locations":[{"start":{"line":35,"column":6},"end":{"line":37,"column":7}},{"start":{},"end":{}}],"line":35},"1":{"loc":{"start":{"line":50,"column":6},"end":{"line":56,"column":7}},"type":"if","locations":[{"start":{"line":50,"column":6},"end":{"line":56,"column":7}},{"start":{"line":54,"column":13},"end":{"line":56,"column":7}}],"line":50},"2":{"loc":{"start":{"line":71,"column":6},"end":{"line":73,"column":7}},"type":"if","locations":[{"start":{"line":71,"column":6},"end":{"line":73,"column":7}},{"start":{},"end":{}}],"line":71},"3":{"loc":{"start":{"line":76,"column":8},"end":{"line":101,"column":9}},"type":"if","locations":[{"start":{"line":76,"column":8},"end":{"line":101,"column":9}},{"start":{"line":99,"column":15},"end":{"line":101,"column":9}}],"line":76},"4":{"loc":{"start":{"line":122,"column":6},"end":{"line":124,"column":7}},"type":"if","locations":[{"start":{"line":122,"column":6},"end":{"line":124,"column":7}},{"start":{},"end":{}}],"line":122},"5":{"loc":{"start":{"line":127,"column":8},"end":{"line":143,"column":9}},"type":"if","locations":[{"start":{"line":127,"column":8},"end":{"line":143,"column":9}},{"start":{"line":140,"column":15},"end":{"line":143,"column":9}}],"line":127}},"s":{"0":1,"1":1,"2":1,"3":0,"4":1,"5":0,"6":0,"7":0,"8":0,"9":0,"10":0,"11":0,"12":0,"13":0,"14":0,"15":0,"16":0,"17":0,"18":0,"19":0,"20":0,"21":0,"22":0,"23":0,"24":0,"25":0,"26":0,"27":0,"28":0,"29":0,"30":0,"31":0,"32":0,"33":0,"34":0,"35":0,"36":0,"37":0,"38":0,"39":0,"40":0,"41":0,"42":0,"43":0,"44":0},"f":{"0":0,"1":0,"2":0,"3":0,"4":0,"5":0},"b":{"0":[0,0],"1":[0,0],"2":[0,0],"3":[0,0],"4":[0,0],"5":[0,0]},"_coverageSchema":"1a1c01bbd47fc00a2c39e90264f33305004495a9","hash":"243b99f4374bcf7358d59ee56224e8b2431ba47e"}
,"C:\\Users\\Nishanth\\Desktop\\AcademyOfStartups\\server\\controller\\count.js": {"path":"C:\\Users\\Nishanth\\Desktop\\AcademyOfStartups\\server\\controller\\count.js","statementMap":{"0":{"start":{"line":4,"column":15},"end":{"line":4,"column":33}},"1":{"start":{"line":6,"column":14},"end":{"line":24,"column":1}},"2":{"start":{"line":8,"column":8},"end":{"line":20,"column":9}},"3":{"start":{"line":10,"column":33},"end":{"line":10,"column":62}},"4":{"start":{"line":11,"column":34},"end":{"line":11,"column":63}},"5":{"start":{"line":13,"column":12},"end":{"line":16,"column":14}},"6":{"start":{"line":19,"column":12},"end":{"line":19,"column":31}}},"fnMap":{"0":{"name":"(anonymous_0)","decl":{"start":{"line":7,"column":14},"end":{"line":7,"column":15}},"loc":{"start":{"line":7,"column":34},"end":{"line":23,"column":5}},"line":7}},"branchMap":{},"s":{"0":1,"1":1,"2":0,"3":0,"4":0,"5":0,"6":0},"f":{"0":0},"b":{},"_coverageSchema":"1a1c01bbd47fc00a2c39e90264f33305004495a9","hash":"d8dc600050cfdd5d42bdb73d079eacd8fc155323"}
,"C:\\Users\\Nishanth\\Desktop\\AcademyOfStartups\\server\\controller\\investor.js": {"path":"C:\\Users\\Nishanth\\Desktop\\AcademyOfStartups\\server\\controller\\investor.js","statementMap":{"0":{"start":{"line":3,"column":15},"end":{"line":3,"column":33}},"1":{"start":{"line":8,"column":19},"end":{"line":8,"column":21}},"2":{"start":{"line":11,"column":17},"end":{"line":170,"column":1}},"3":{"start":{"line":26,"column":8},"end":{"line":26,"column":16}},"4":{"start":{"line":28,"column":4},"end":{"line":77,"column":5}},"5":{"start":{"line":30,"column":6},"end":{"line":30,"column":177}},"6":{"start":{"line":33,"column":31},"end":{"line":37,"column":8}},"7":{"start":{"line":39,"column":6},"end":{"line":41,"column":7}},"8":{"start":{"line":40,"column":8},"end":{"line":40,"column":74}},"9":{"start":{"line":43,"column":29},"end":{"line":43,"column":68}},"10":{"start":{"line":45,"column":26},"end":{"line":49,"column":8}},"11":{"start":{"line":50,"column":30},"end":{"line":65,"column":8}},"12":{"start":{"line":67,"column":6},"end":{"line":67,"column":140}},"13":{"start":{"line":70,"column":6},"end":{"line":76,"column":7}},"14":{"start":{"line":72,"column":33},"end":{"line":72,"column":45}},"15":{"start":{"line":73,"column":8},"end":{"line":73,"column":58}},"16":{"start":{"line":75,"column":8},"end":{"line":75,"column":81}},"17":{"start":{"line":82,"column":18},"end":{"line":82,"column":46}},"18":{"start":{"line":83,"column":21},"end":{"line":83,"column":38}},"19":{"start":{"line":87,"column":4},"end":{"line":123,"column":5}},"20":{"start":{"line":89,"column":23},"end":{"line":93,"column":8}},"21":{"start":{"line":96,"column":6},"end":{"line":98,"column":7}},"22":{"start":{"line":97,"column":8},"end":{"line":97,"column":71}},"23":{"start":{"line":100,"column":6},"end":{"line":119,"column":9}},"24":{"start":{"line":101,"column":8},"end":{"line":118,"column":9}},"25":{"start":{"line":102,"column":31},"end":{"line":106,"column":12}},"26":{"start":{"line":108,"column":10},"end":{"line":115,"column":15}},"27":{"start":{"line":117,"column":10},"end":{"line":117,"column":78}},"28":{"start":{"line":122,"column":6},"end":{"line":122,"column":79}},"29":{"start":{"line":127,"column":4},"end":{"line":138,"column":5}},"30":{"start":{"line":128,"column":24},"end":{"line":132,"column":8}},"31":{"start":{"line":134,"column":6},"end":{"line":134,"column":42}},"32":{"start":{"line":136,"column":6},"end":{"line":136,"column":25}},"33":{"start":{"line":137,"column":6},"end":{"line":137,"column":72}},"34":{"start":{"line":142,"column":19},"end":{"line":142,"column":29}},"35":{"start":{"line":145,"column":4},"end":{"line":167,"column":5}},"36":{"start":{"line":147,"column":6},"end":{"line":149,"column":7}},"37":{"start":{"line":148,"column":8},"end":{"line":148,"column":63}},"38":{"start":{"line":150,"column":23},"end":{"line":154,"column":8}},"39":{"start":{"line":156,"column":6},"end":{"line":158,"column":7}},"40":{"start":{"line":157,"column":8},"end":{"line":157,"column":71}},"41":{"start":{"line":160,"column":23},"end":{"line":160,"column":55}},"42":{"start":{"line":162,"column":6},"end":{"line":162,"column":40}},"43":{"start":{"line":165,"column":6},"end":{"line":165,"column":24}},"44":{"start":{"line":166,"column":6},"end":{"line":166,"column":78}}},"fnMap":{"0":{"name":"(anonymous_0)","decl":{"start":{"line":13,"column":30},"end":{"line":13,"column":31}},"loc":{"start":{"line":13,"column":50},"end":{"line":79,"column":3}},"line":13},"1":{"name":"(anonymous_1)","decl":{"start":{"line":81,"column":27},"end":{"line":81,"column":28}},"loc":{"start":{"line":81,"column":47},"end":{"line":124,"column":3}},"line":81},"2":{"name":"(anonymous_2)","decl":{"start":{"line":100,"column":50},"end":{"line":100,"column":51}},"loc":{"start":{"line":100,"column":73},"end":{"line":119,"column":7}},"line":100},"3":{"name":"(anonymous_3)","decl":{"start":{"line":126,"column":19},"end":{"line":126,"column":20}},"loc":{"start":{"line":126,"column":39},"end":{"line":139,"column":3}},"line":126},"4":{"name":"(anonymous_4)","decl":{"start":{"line":141,"column":15},"end":{"line":141,"column":16}},"loc":{"start":{"line":141,"column":35},"end":{"line":168,"column":3}},"line":141}},"branchMap":{"0":{"loc":{"start":{"line":39,"column":6},"end":{"line":41,"column":7}},"type":"if","locations":[{"start":{"line":39,"column":6},"end":{"line":41,"column":7}},{"start":{},"end":{}}],"line":39},"1":{"loc":{"start":{"line":70,"column":6},"end":{"line":76,"column":7}},"type":"if","locations":[{"start":{"line":70,"column":6},"end":{"line":76,"column":7}},{"start":{"line":74,"column":13},"end":{"line":76,"column":7}}],"line":70},"2":{"loc":{"start":{"line":96,"column":6},"end":{"line":98,"column":7}},"type":"if","locations":[{"start":{"line":96,"column":6},"end":{"line":98,"column":7}},{"start":{},"end":{}}],"line":96},"3":{"loc":{"start":{"line":101,"column":8},"end":{"line":118,"column":9}},"type":"if","locations":[{"start":{"line":101,"column":8},"end":{"line":118,"column":9}},{"start":{"line":116,"column":15},"end":{"line":118,"column":9}}],"line":101},"4":{"loc":{"start":{"line":147,"column":6},"end":{"line":149,"column":7}},"type":"if","locations":[{"start":{"line":147,"column":6},"end":{"line":149,"column":7}},{"start":{},"end":{}}],"line":147},"5":{"loc":{"start":{"line":156,"column":6},"end":{"line":158,"column":7}},"type":"if","locations":[{"start":{"line":156,"column":6},"end":{"line":158,"column":7}},{"start":{},"end":{}}],"line":156}},"s":{"0":1,"1":1,"2":1,"3":0,"4":0,"5":0,"6":0,"7":0,"8":0,"9":0,"10":0,"11":0,"12":0,"13":0,"14":0,"15":0,"16":0,"17":0,"18":0,"19":0,"20":0,"21":0,"22":0,"23":0,"24":0,"25":0,"26":0,"27":0,"28":0,"29":0,"30":0,"31":0,"32":0,"33":0,"34":0,"35":0,"36":0,"37":0,"38":0,"39":0,"40":0,"41":0,"42":0,"43":0,"44":0},"f":{"0":0,"1":0,"2":0,"3":0,"4":0},"b":{"0":[0,0],"1":[0,0],"2":[0,0],"3":[0,0],"4":[0,0],"5":[0,0]},"_coverageSchema":"1a1c01bbd47fc00a2c39e90264f33305004495a9","hash":"85324235786d11155d9c41fa525c2808f3142d5e"}
,"C:\\Users\\Nishanth\\Desktop\\AcademyOfStartups\\server\\controller\\startups.js": {"path":"C:\\Users\\Nishanth\\Desktop\\AcademyOfStartups\\server\\controller\\startups.js","statementMap":{"0":{"start":{"line":5,"column":15},"end":{"line":5,"column":33}},"1":{"start":{"line":7,"column":16},"end":{"line":136,"column":1}},"2":{"start":{"line":11,"column":28},"end":{"line":11,"column":60}},"3":{"start":{"line":12,"column":29},"end":{"line":18,"column":10}},"4":{"start":{"line":13,"column":12},"end":{"line":17,"column":14}},"5":{"start":{"line":19,"column":8},"end":{"line":19,"column":31}},"6":{"start":{"line":22,"column":29},"end":{"line":22,"column":37}},"7":{"start":{"line":23,"column":25},"end":{"line":23,"column":57}},"8":{"start":{"line":27,"column":8},"end":{"line":49,"column":9}},"9":{"start":{"line":28,"column":12},"end":{"line":42,"column":14}},"10":{"start":{"line":30,"column":16},"end":{"line":41,"column":17}},"11":{"start":{"line":31,"column":20},"end":{"line":31,"column":106}},"12":{"start":{"line":33,"column":21},"end":{"line":41,"column":17}},"13":{"start":{"line":34,"column":20},"end":{"line":34,"column":106}},"14":{"start":{"line":36,"column":21},"end":{"line":41,"column":17}},"15":{"start":{"line":37,"column":20},"end":{"line":37,"column":106}},"16":{"start":{"line":39,"column":21},"end":{"line":41,"column":17}},"17":{"start":{"line":40,"column":20},"end":{"line":40,"column":115}},"18":{"start":{"line":43,"column":31},"end":{"line":45,"column":14}},"19":{"start":{"line":46,"column":12},"end":{"line":46,"column":33}},"20":{"start":{"line":48,"column":12},"end":{"line":48,"column":109}},"21":{"start":{"line":53,"column":23},"end":{"line":53,"column":33}},"22":{"start":{"line":55,"column":8},"end":{"line":78,"column":9}},"23":{"start":{"line":56,"column":36},"end":{"line":60,"column":14}},"24":{"start":{"line":62,"column":12},"end":{"line":64,"column":13}},"25":{"start":{"line":63,"column":16},"end":{"line":63,"column":78}},"26":{"start":{"line":66,"column":35},"end":{"line":71,"column":14}},"27":{"start":{"line":73,"column":12},"end":{"line":73,"column":90}},"28":{"start":{"line":75,"column":12},"end":{"line":77,"column":86}},"29":{"start":{"line":83,"column":8},"end":{"line":85,"column":9}},"30":{"start":{"line":84,"column":12},"end":{"line":84,"column":74}},"31":{"start":{"line":87,"column":22},"end":{"line":87,"column":61}},"32":{"start":{"line":88,"column":23},"end":{"line":88,"column":33}},"33":{"start":{"line":89,"column":29},"end":{"line":89,"column":37}},"34":{"start":{"line":91,"column":29},"end":{"line":91,"column":79}},"35":{"start":{"line":93,"column":8},"end":{"line":132,"column":9}},"36":{"start":{"line":95,"column":25},"end":{"line":99,"column":14}},"37":{"start":{"line":101,"column":12},"end":{"line":103,"column":13}},"38":{"start":{"line":102,"column":16},"end":{"line":102,"column":89}},"39":{"start":{"line":104,"column":36},"end":{"line":108,"column":14}},"40":{"start":{"line":110,"column":12},"end":{"line":112,"column":13}},"41":{"start":{"line":111,"column":16},"end":{"line":111,"column":78}},"42":{"start":{"line":113,"column":12},"end":{"line":125,"column":14}},"43":{"start":{"line":114,"column":16},"end":{"line":124,"column":17}},"44":{"start":{"line":115,"column":43},"end":{"line":119,"column":22}},"45":{"start":{"line":120,"column":20},"end":{"line":120,"column":98}},"46":{"start":{"line":123,"column":20},"end":{"line":123,"column":95}},"47":{"start":{"line":129,"column":12},"end":{"line":131,"column":86}}},"fnMap":{"0":{"name":"(anonymous_0)","decl":{"start":{"line":10,"column":26},"end":{"line":10,"column":27}},"loc":{"start":{"line":10,"column":46},"end":{"line":20,"column":5}},"line":10},"1":{"name":"(anonymous_1)","decl":{"start":{"line":12,"column":45},"end":{"line":12,"column":46}},"loc":{"start":{"line":12,"column":58},"end":{"line":18,"column":9}},"line":12},"2":{"name":"(anonymous_2)","decl":{"start":{"line":21,"column":27},"end":{"line":21,"column":28}},"loc":{"start":{"line":21,"column":47},"end":{"line":50,"column":5}},"line":21},"3":{"name":"(anonymous_3)","decl":{"start":{"line":28,"column":25},"end":{"line":28,"column":26}},"loc":{"start":{"line":28,"column":38},"end":{"line":42,"column":13}},"line":28},"4":{"name":"(anonymous_4)","decl":{"start":{"line":52,"column":26},"end":{"line":52,"column":27}},"loc":{"start":{"line":52,"column":46},"end":{"line":79,"column":5}},"line":52},"5":{"name":"(anonymous_5)","decl":{"start":{"line":81,"column":29},"end":{"line":81,"column":30}},"loc":{"start":{"line":81,"column":49},"end":{"line":133,"column":5}},"line":81},"6":{"name":"(anonymous_6)","decl":{"start":{"line":113,"column":52},"end":{"line":113,"column":53}},"loc":{"start":{"line":113,"column":75},"end":{"line":125,"column":13}},"line":113}},"branchMap":{"0":{"loc":{"start":{"line":30,"column":16},"end":{"line":41,"column":17}},"type":"if","locations":[{"start":{"line":30,"column":16},"end":{"line":41,"column":17}},{"start":{"line":33,"column":21},"end":{"line":41,"column":17}}],"line":30},"1":{"loc":{"start":{"line":33,"column":21},"end":{"line":41,"column":17}},"type":"if","locations":[{"start":{"line":33,"column":21},"end":{"line":41,"column":17}},{"start":{"line":36,"column":21},"end":{"line":41,"column":17}}],"line":33},"2":{"loc":{"start":{"line":36,"column":21},"end":{"line":41,"column":17}},"type":"if","locations":[{"start":{"line":36,"column":21},"end":{"line":41,"column":17}},{"start":{"line":39,"column":21},"end":{"line":41,"column":17}}],"line":36},"3":{"loc":{"start":{"line":39,"column":21},"end":{"line":41,"column":17}},"type":"if","locations":[{"start":{"line":39,"column":21},"end":{"line":41,"column":17}},{"start":{},"end":{}}],"line":39},"4":{"loc":{"start":{"line":62,"column":12},"end":{"line":64,"column":13}},"type":"if","locations":[{"start":{"line":62,"column":12},"end":{"line":64,"column":13}},{"start":{},"end":{}}],"line":62},"5":{"loc":{"start":{"line":83,"column":8},"end":{"line":85,"column":9}},"type":"if","locations":[{"start":{"line":83,"column":8},"end":{"line":85,"column":9}},{"start":{},"end":{}}],"line":83},"6":{"loc":{"start":{"line":101,"column":12},"end":{"line":103,"column":13}},"type":"if","locations":[{"start":{"line":101,"column":12},"end":{"line":103,"column":13}},{"start":{},"end":{}}],"line":101},"7":{"loc":{"start":{"line":110,"column":12},"end":{"line":112,"column":13}},"type":"if","locations":[{"start":{"line":110,"column":12},"end":{"line":112,"column":13}},{"start":{},"end":{}}],"line":110},"8":{"loc":{"start":{"line":114,"column":16},"end":{"line":124,"column":17}},"type":"if","locations":[{"start":{"line":114,"column":16},"end":{"line":124,"column":17}},{"start":{"line":122,"column":21},"end":{"line":124,"column":17}}],"line":114}},"s":{"0":1,"1":1,"2":0,"3":0,"4":0,"5":0,"6":0,"7":0,"8":0,"9":0,"10":0,"11":0,"12":0,"13":0,"14":0,"15":0,"16":0,"17":0,"18":0,"19":0,"20":0,"21":0,"22":0,"23":0,"24":0,"25":0,"26":0,"27":0,"28":0,"29":0,"30":0,"31":0,"32":0,"33":0,"34":0,"35":0,"36":0,"37":0,"38":0,"39":0,"40":0,"41":0,"42":0,"43":0,"44":0,"45":0,"46":0,"47":0},"f":{"0":0,"1":0,"2":0,"3":0,"4":0,"5":0,"6":0},"b":{"0":[0,0],"1":[0,0],"2":[0,0],"3":[0,0],"4":[0,0],"5":[0,0],"6":[0,0],"7":[0,0],"8":[0,0]},"_coverageSchema":"1a1c01bbd47fc00a2c39e90264f33305004495a9","hash":"b3513cfd8ab11bb4625b939ab8cf5d265e9efdf5"}
,"C:\\Users\\Nishanth\\Desktop\\AcademyOfStartups\\server\\middleware\\index.js": {"path":"C:\\Users\\Nishanth\\Desktop\\AcademyOfStartups\\server\\middleware\\index.js","statementMap":{"0":{"start":{"line":3,"column":20},"end":{"line":18,"column":1}},"1":{"start":{"line":4,"column":18},"end":{"line":4,"column":57}},"2":{"start":{"line":6,"column":4},"end":{"line":17,"column":5}},"3":{"start":{"line":7,"column":8},"end":{"line":7,"column":102}},"4":{"start":{"line":9,"column":8},"end":{"line":16,"column":9}},"5":{"start":{"line":10,"column":33},"end":{"line":10,"column":90}},"6":{"start":{"line":12,"column":12},"end":{"line":12,"column":49}},"7":{"start":{"line":13,"column":12},"end":{"line":13,"column":19}},"8":{"start":{"line":15,"column":12},"end":{"line":15,"column":79}}},"fnMap":{"0":{"name":"(anonymous_0)","decl":{"start":{"line":3,"column":20},"end":{"line":3,"column":21}},"loc":{"start":{"line":3,"column":40},"end":{"line":18,"column":1}},"line":3}},"branchMap":{"0":{"loc":{"start":{"line":6,"column":4},"end":{"line":17,"column":5}},"type":"if","locations":[{"start":{"line":6,"column":4},"end":{"line":17,"column":5}},{"start":{"line":8,"column":11},"end":{"line":17,"column":5}}],"line":6},"1":{"loc":{"start":{"line":10,"column":51},"end":{"line":10,"column":89}},"type":"binary-expr","locations":[{"start":{"line":10,"column":51},"end":{"line":10,"column":82}},{"start":{"line":10,"column":86},"end":{"line":10,"column":89}}],"line":10}},"s":{"0":1,"1":0,"2":0,"3":0,"4":0,"5":0,"6":0,"7":0,"8":0},"f":{"0":0},"b":{"0":[0,0],"1":[0,0]},"_coverageSchema":"1a1c01bbd47fc00a2c39e90264f33305004495a9","hash":"8995503fca277ebeb4dd9286e536807c74fd53bb"}
,"C:\\Users\\Nishanth\\Desktop\\AcademyOfStartups\\server\\routers\\admin.js": {"path":"C:\\Users\\Nishanth\\Desktop\\AcademyOfStartups\\server\\routers\\admin.js","statementMap":{"0":{"start":{"line":4,"column":27},"end":{"line":4,"column":43}},"1":{"start":{"line":6,"column":0},"end":{"line":6,"column":45}},"2":{"start":{"line":7,"column":0},"end":{"line":7,"column":44}},"3":{"start":{"line":8,"column":0},"end":{"line":8,"column":56}},"4":{"start":{"line":10,"column":0},"end":{"line":10,"column":53}},"5":{"start":{"line":11,"column":0},"end":{"line":11,"column":52}},"6":{"start":{"line":12,"column":0},"end":{"line":12,"column":61}},"7":{"start":{"line":13,"column":0},"end":{"line":13,"column":64}},"8":{"start":{"line":15,"column":0},"end":{"line":15,"column":53}},"9":{"start":{"line":16,"column":0},"end":{"line":16,"column":52}},"10":{"start":{"line":17,"column":0},"end":{"line":17,"column":61}},"11":{"start":{"line":18,"column":0},"end":{"line":18,"column":64}}},"fnMap":{},"branchMap":{},"s":{"0":1,"1":1,"2":1,"3":1,"4":1,"5":1,"6":1,"7":1,"8":1,"9":1,"10":1,"11":1},"f":{},"b":{},"_coverageSchema":"1a1c01bbd47fc00a2c39e90264f33305004495a9","hash":"60efb28456a607c98c6bc7ade7d4b1759a854530"}
,"C:\\Users\\Nishanth\\Desktop\\AcademyOfStartups\\server\\routers\\auth.js": {"path":"C:\\Users\\Nishanth\\Desktop\\AcademyOfStartups\\server\\routers\\auth.js","statementMap":{"0":{"start":{"line":6,"column":26},"end":{"line":6,"column":42}},"1":{"start":{"line":8,"column":0},"end":{"line":8,"column":47}},"2":{"start":{"line":9,"column":0},"end":{"line":9,"column":53}},"3":{"start":{"line":10,"column":0},"end":{"line":10,"column":87}}},"fnMap":{},"branchMap":{},"s":{"0":1,"1":1,"2":1,"3":1},"f":{},"b":{},"_coverageSchema":"1a1c01bbd47fc00a2c39e90264f33305004495a9","hash":"dd3a0808438092c660c0d2bdcfc0d0f0897a54f2"}
,"C:\\Users\\Nishanth\\Desktop\\AcademyOfStartups\\server\\routers\\count.js": {"path":"C:\\Users\\Nishanth\\Desktop\\AcademyOfStartups\\server\\routers\\count.js","statementMap":{"0":{"start":{"line":4,"column":20},"end":{"line":4,"column":36}},"1":{"start":{"line":6,"column":0},"end":{"line":6,"column":56}}},"fnMap":{},"branchMap":{},"s":{"0":1,"1":1},"f":{},"b":{},"_coverageSchema":"1a1c01bbd47fc00a2c39e90264f33305004495a9","hash":"b839ba43c6e24a71de69693a3a682b5ee1bdcdbb"}
,"C:\\Users\\Nishanth\\Desktop\\AcademyOfStartups\\server\\routers\\investor.js": {"path":"C:\\Users\\Nishanth\\Desktop\\AcademyOfStartups\\server\\routers\\investor.js","statementMap":{"0":{"start":{"line":6,"column":30},"end":{"line":6,"column":46}},"1":{"start":{"line":8,"column":0},"end":{"line":8,"column":76}},"2":{"start":{"line":10,"column":0},"end":{"line":10,"column":72}},"3":{"start":{"line":12,"column":0},"end":{"line":12,"column":71}},"4":{"start":{"line":14,"column":0},"end":{"line":14,"column":71}}},"fnMap":{},"branchMap":{},"s":{"0":1,"1":1,"2":1,"3":1,"4":1},"f":{},"b":{},"_coverageSchema":"1a1c01bbd47fc00a2c39e90264f33305004495a9","hash":"708d3db3562bfdae13de72a77f2259628cf61ac5"}
,"C:\\Users\\Nishanth\\Desktop\\AcademyOfStartups\\server\\routers\\startups.js": {"path":"C:\\Users\\Nishanth\\Desktop\\AcademyOfStartups\\server\\routers\\startups.js","statementMap":{"0":{"start":{"line":6,"column":29},"end":{"line":6,"column":45}},"1":{"start":{"line":8,"column":0},"end":{"line":8,"column":73}},"2":{"start":{"line":9,"column":0},"end":{"line":9,"column":66}},"3":{"start":{"line":10,"column":0},"end":{"line":10,"column":83}},"4":{"start":{"line":11,"column":0},"end":{"line":11,"column":90}}},"fnMap":{},"branchMap":{},"s":{"0":1,"1":1,"2":1,"3":1,"4":1},"f":{},"b":{},"_coverageSchema":"1a1c01bbd47fc00a2c39e90264f33305004495a9","hash":"f33be504d9ed286c9306796c2044d60a7cc93753"}
,"C:\\Users\\Nishanth\\Desktop\\AcademyOfStartups\\server\\utils\\Validation\\index.js": {"path":"C:\\Users\\Nishanth\\Desktop\\AcademyOfStartups\\server\\utils\\Validation\\index.js","statementMap":{"0":{"start":{"line":4,"column":30},"end":{"line":8,"column":2}},"1":{"start":{"line":10,"column":40},"end":{"line":22,"column":2}}},"fnMap":{},"branchMap":{},"s":{"0":1,"1":1},"f":{},"b":{},"_coverageSchema":"1a1c01bbd47fc00a2c39e90264f33305004495a9","hash":"528400c86bb7d03d4a03f68897865e2464945593"}
}
