TN:
SF:server.js
FN:42,(anonymous_0)
FN:48,(anonymous_1)
FNF:2
FNH:1
FNDA:0,(anonymous_0)
FNDA:1,(anonymous_1)
DA:2,1
DA:15,1
DA:16,1
DA:18,1
DA:26,1
DA:29,1
DA:30,1
DA:32,1
DA:34,1
DA:35,1
DA:36,1
DA:37,1
DA:38,1
DA:42,1
DA:43,0
DA:48,1
DA:49,1
LF:17
LH:16
BRDA:32,0,0,1
BRDA:32,0,1,0
BRF:2
BRH:1
end_of_record
TN:
SF:controller\admin.js
FN:15,(anonymous_0)
FN:26,(anonymous_1)
FN:64,(anonymous_2)
FN:90,(anonymous_3)
FN:100,(anonymous_4)
FN:105,(anonymous_5)
FN:140,(anonymous_6)
FN:171,(anonymous_7)
FN:203,(anonymous_8)
FN:216,(anonymous_9)
FN:302,(anonymous_10)
FN:349,(anonymous_11)
FNF:12
FNH:4
FNDA:1,(anonymous_0)
FNDA:3,(anonymous_1)
FNDA:2,(anonymous_2)
FNDA:0,(anonymous_3)
FNDA:0,(anonymous_4)
FNDA:0,(anonymous_5)
FNDA:0,(anonymous_6)
FNDA:0,(anonymous_7)
FNDA:1,(anonymous_8)
FNDA:0,(anonymous_9)
FNDA:0,(anonymous_10)
FNDA:0,(anonymous_11)
DA:8,1
DA:10,1
DA:12,1
DA:16,1
DA:17,1
DA:18,1
DA:20,0
DA:27,3
DA:29,3
DA:30,3
DA:32,1
DA:33,1
DA:38,1
DA:39,1
DA:44,0
DA:51,0
DA:53,2
DA:55,2
DA:56,2
DA:58,0
DA:65,2
DA:67,2
DA:68,2
DA:72,2
DA:73,1
DA:75,1
DA:78,1
DA:82,0
DA:91,0
DA:92,0
DA:93,0
DA:95,0
DA:101,0
DA:102,0
DA:104,0
DA:105,0
DA:106,0
DA:107,0
DA:110,0
DA:111,0
DA:114,0
DA:115,0
DA:118,0
DA:119,0
DA:126,0
DA:129,0
DA:131,0
DA:141,0
DA:143,0
DA:144,0
DA:150,0
DA:151,0
DA:154,0
DA:161,0
DA:165,0
DA:172,0
DA:174,0
DA:175,0
DA:181,0
DA:182,0
DA:184,0
DA:191,0
DA:195,0
DA:204,1
DA:205,1
DA:210,1
DA:212,0
DA:229,0
DA:231,0
DA:232,0
DA:246,0
DA:252,0
DA:253,0
DA:256,0
DA:258,0
DA:266,0
DA:283,0
DA:291,0
DA:293,0
DA:294,0
DA:296,0
DA:303,0
DA:312,0
DA:314,0
DA:315,0
DA:321,0
DA:322,0
DA:325,0
DA:340,0
DA:344,0
DA:350,0
DA:352,0
DA:353,0
DA:359,0
DA:360,0
DA:362,0
DA:367,0
DA:373,0
DA:381,0
LF:99
LH:26
BRDA:38,0,0,1
BRDA:38,0,1,0
BRDA:53,1,0,2
BRDA:53,1,1,0
BRDA:72,2,0,1
BRDA:72,2,1,1
BRDA:106,3,0,0
BRDA:106,3,1,0
BRDA:110,4,0,0
BRDA:110,4,1,0
BRDA:114,5,0,0
BRDA:114,5,1,0
BRDA:118,6,0,0
BRDA:118,6,1,0
BRDA:150,7,0,0
BRDA:150,7,1,0
BRDA:181,8,0,0
BRDA:181,8,1,0
BRDA:252,9,0,0
BRDA:252,9,1,0
BRDA:291,10,0,0
BRDA:291,10,1,0
BRDA:321,11,0,0
BRDA:321,11,1,0
BRDA:359,12,0,0
BRDA:359,12,1,0
BRF:26
BRH:4
end_of_record
TN:
SF:controller\auth.js
FN:16,generateAccessToken
FN:24,(anonymous_1)
FN:60,(anonymous_2)
FN:75,(anonymous_3)
FN:107,(anonymous_4)
FN:126,(anonymous_5)
FNF:6
FNH:0
FNDA:0,generateAccessToken
FNDA:0,(anonymous_1)
FNDA:0,(anonymous_2)
FNDA:0,(anonymous_3)
FNDA:0,(anonymous_4)
FNDA:0,(anonymous_5)
DA:2,1
DA:11,1
DA:13,1
DA:17,0
DA:22,1
DA:25,0
DA:26,0
DA:27,0
DA:29,0
DA:30,0
DA:35,0
DA:36,0
DA:39,0
DA:46,0
DA:50,0
DA:52,0
DA:53,0
DA:55,0
DA:61,0
DA:62,0
DA:64,0
DA:65,0
DA:71,0
DA:72,0
DA:75,0
DA:76,0
DA:77,0
DA:78,0
DA:84,0
DA:91,0
DA:100,0
DA:104,0
DA:108,0
DA:109,0
DA:111,0
DA:113,0
DA:122,0
DA:123,0
DA:126,0
DA:127,0
DA:128,0
DA:130,0
DA:139,0
DA:141,0
DA:146,0
LF:45
LH:4
BRDA:35,0,0,0
BRDA:35,0,1,0
BRDA:50,1,0,0
BRDA:50,1,1,0
BRDA:71,2,0,0
BRDA:71,2,1,0
BRDA:76,3,0,0
BRDA:76,3,1,0
BRDA:122,4,0,0
BRDA:122,4,1,0
BRDA:127,5,0,0
BRDA:127,5,1,0
BRF:12
BRH:0
end_of_record
TN:
SF:controller\count.js
FN:7,(anonymous_0)
FNF:1
FNH:0
FNDA:0,(anonymous_0)
DA:4,1
DA:6,1
DA:8,0
DA:10,0
DA:11,0
DA:13,0
DA:19,0
LF:7
LH:2
BRF:0
BRH:0
end_of_record
TN:
SF:controller\investor.js
FN:13,(anonymous_0)
FN:81,(anonymous_1)
FN:100,(anonymous_2)
FN:126,(anonymous_3)
FN:141,(anonymous_4)
FNF:5
FNH:0
FNDA:0,(anonymous_0)
FNDA:0,(anonymous_1)
FNDA:0,(anonymous_2)
FNDA:0,(anonymous_3)
FNDA:0,(anonymous_4)
DA:3,1
DA:8,1
DA:11,1
DA:26,0
DA:28,0
DA:30,0
DA:33,0
DA:39,0
DA:40,0
DA:43,0
DA:45,0
DA:50,0
DA:67,0
DA:70,0
DA:72,0
DA:73,0
DA:75,0
DA:82,0
DA:83,0
DA:87,0
DA:89,0
DA:96,0
DA:97,0
DA:100,0
DA:101,0
DA:102,0
DA:108,0
DA:117,0
DA:122,0
DA:127,0
DA:128,0
DA:134,0
DA:136,0
DA:137,0
DA:142,0
DA:145,0
DA:147,0
DA:148,0
DA:150,0
DA:156,0
DA:157,0
DA:160,0
DA:162,0
DA:165,0
DA:166,0
LF:45
LH:3
BRDA:39,0,0,0
BRDA:39,0,1,0
BRDA:70,1,0,0
BRDA:70,1,1,0
BRDA:96,2,0,0
BRDA:96,2,1,0
BRDA:101,3,0,0
BRDA:101,3,1,0
BRDA:147,4,0,0
BRDA:147,4,1,0
BRDA:156,5,0,0
BRDA:156,5,1,0
BRF:12
BRH:0
end_of_record
TN:
SF:controller\startups.js
FN:10,(anonymous_0)
FN:12,(anonymous_1)
FN:21,(anonymous_2)
FN:28,(anonymous_3)
FN:52,(anonymous_4)
FN:81,(anonymous_5)
FN:113,(anonymous_6)
FNF:7
FNH:0
FNDA:0,(anonymous_0)
FNDA:0,(anonymous_1)
FNDA:0,(anonymous_2)
FNDA:0,(anonymous_3)
FNDA:0,(anonymous_4)
FNDA:0,(anonymous_5)
FNDA:0,(anonymous_6)
DA:5,1
DA:7,1
DA:11,0
DA:12,0
DA:13,0
DA:19,0
DA:22,0
DA:23,0
DA:27,0
DA:28,0
DA:30,0
DA:31,0
DA:33,0
DA:34,0
DA:36,0
DA:37,0
DA:39,0
DA:40,0
DA:43,0
DA:46,0
DA:48,0
DA:53,0
DA:55,0
DA:56,0
DA:62,0
DA:63,0
DA:66,0
DA:73,0
DA:75,0
DA:83,0
DA:84,0
DA:87,0
DA:88,0
DA:89,0
DA:91,0
DA:93,0
DA:95,0
DA:101,0
DA:102,0
DA:104,0
DA:110,0
DA:111,0
DA:113,0
DA:114,0
DA:115,0
DA:120,0
DA:123,0
DA:129,0
LF:48
LH:2
BRDA:30,0,0,0
BRDA:30,0,1,0
BRDA:33,1,0,0
BRDA:33,1,1,0
BRDA:36,2,0,0
BRDA:36,2,1,0
BRDA:39,3,0,0
BRDA:39,3,1,0
BRDA:62,4,0,0
BRDA:62,4,1,0
BRDA:83,5,0,0
BRDA:83,5,1,0
BRDA:101,6,0,0
BRDA:101,6,1,0
BRDA:110,7,0,0
BRDA:110,7,1,0
BRDA:114,8,0,0
BRDA:114,8,1,0
BRF:18
BRH:0
end_of_record
TN:
SF:middleware\index.js
FN:3,(anonymous_0)
FNF:1
FNH:0
FNDA:0,(anonymous_0)
DA:3,1
DA:4,0
DA:6,0
DA:7,0
DA:9,0
DA:10,0
DA:12,0
DA:13,0
DA:15,0
LF:9
LH:1
BRDA:6,0,0,0
BRDA:6,0,1,0
BRDA:10,1,0,0
BRDA:10,1,1,0
BRF:4
BRH:0
end_of_record
TN:
SF:routers\admin.js
FNF:0
FNH:0
DA:4,1
DA:6,1
DA:7,1
DA:8,1
DA:10,1
DA:11,1
DA:12,1
DA:13,1
DA:15,1
DA:16,1
DA:17,1
DA:18,1
LF:12
LH:12
BRF:0
BRH:0
end_of_record
TN:
SF:routers\auth.js
FNF:0
FNH:0
DA:6,1
DA:8,1
DA:9,1
DA:10,1
LF:4
LH:4
BRF:0
BRH:0
end_of_record
TN:
SF:routers\count.js
FNF:0
FNH:0
DA:4,1
DA:6,1
LF:2
LH:2
BRF:0
BRH:0
end_of_record
TN:
SF:routers\investor.js
FNF:0
FNH:0
DA:6,1
DA:8,1
DA:10,1
DA:12,1
DA:14,1
LF:5
LH:5
BRF:0
BRH:0
end_of_record
TN:
SF:routers\startups.js
FNF:0
FNH:0
DA:6,1
DA:8,1
DA:9,1
DA:10,1
DA:11,1
LF:5
LH:5
BRF:0
BRH:0
end_of_record
TN:
SF:utils\Validation\index.js
FNF:0
FNH:0
DA:4,1
DA:10,1
LF:2
LH:2
BRF:0
BRH:0
end_of_record
